2025-05-17 10:44:59,236 - INFO - Starting outlier analysis...
2025-05-17 10:44:59,236 - INFO - Starting data loading process...
2025-05-17 10:44:59,236 - INFO - Loading metrics definitions from metrics.csv...
2025-05-17 10:44:59,248 - INFO - Loaded 69 metric definitions
2025-05-17 10:44:59,248 - INFO - Loading company metrics from company_metrics.csv...
2025-05-17 10:44:59,423 - INFO - Loaded 207210 metric records
2025-05-17 10:44:59,424 - INFO - Starting data preparation...
2025-05-17 10:44:59,424 - INFO - Created mapping for 69 metrics
2025-05-17 10:44:59,490 - INFO - Converting metric values to numeric and removing non-numeric values...
2025-05-17 10:44:59,518 - INFO - Removed 0 non-numeric values
2025-05-17 10:44:59,521 - INFO - Starting outlier analysis...
2025-05-17 10:44:59,540 - INFO - Found 7 metric groups to analyze
2025-05-17 10:44:59,564 - INFO - Analyzing outliers for group: balance
2025-05-17 10:44:59,566 - INFO - Found 10 unique metrics in group balance
2025-05-17 10:44:59,566 - INFO - Processing metric: inflow_growth_rate
2025-05-17 10:44:59,568 - INFO - Detecting Z-score outliers for inflow_growth_rate
2025-05-17 10:44:59,569 - INFO - Detecting IQR outliers for inflow_growth_rate
2025-05-17 10:44:59,573 - INFO - Found 4 Z-score outliers for inflow_growth_rate
2025-05-17 10:44:59,574 - INFO - Generating Z-score outlier plots for inflow_growth_rate
2025-05-17 10:45:01,446 - INFO - Found 89 IQR outliers for inflow_growth_rate
2025-05-17 10:45:01,447 - INFO - Generating IQR outlier plots for inflow_growth_rate
2025-05-17 10:45:02,564 - INFO - Processing metric: inflow_daily_average
2025-05-17 10:45:02,566 - INFO - Detecting Z-score outliers for inflow_daily_average
2025-05-17 10:45:02,567 - INFO - Detecting IQR outliers for inflow_daily_average
2025-05-17 10:45:02,570 - INFO - Found 12 Z-score outliers for inflow_daily_average
2025-05-17 10:45:02,570 - INFO - Generating Z-score outlier plots for inflow_daily_average
2025-05-17 10:45:03,025 - INFO - Found 118 IQR outliers for inflow_daily_average
2025-05-17 10:45:03,026 - INFO - Generating IQR outlier plots for inflow_daily_average
2025-05-17 10:45:03,623 - INFO - Processing metric: outflow_daily_average
2025-05-17 10:45:03,626 - INFO - Detecting Z-score outliers for outflow_daily_average
2025-05-17 10:45:03,627 - INFO - Detecting IQR outliers for outflow_daily_average
2025-05-17 10:45:03,629 - INFO - Found 7 Z-score outliers for outflow_daily_average
2025-05-17 10:45:03,630 - INFO - Generating Z-score outlier plots for outflow_daily_average
2025-05-17 10:45:04,338 - INFO - Found 117 IQR outliers for outflow_daily_average
2025-05-17 10:45:04,339 - INFO - Generating IQR outlier plots for outflow_daily_average
2025-05-17 10:45:05,208 - INFO - Processing metric: latest_balance
2025-05-17 10:45:05,211 - INFO - Detecting Z-score outliers for latest_balance
2025-05-17 10:45:05,212 - INFO - Detecting IQR outliers for latest_balance
2025-05-17 10:45:05,214 - INFO - Found 7 Z-score outliers for latest_balance
2025-05-17 10:45:05,215 - INFO - Generating Z-score outlier plots for latest_balance
2025-05-17 10:45:06,431 - INFO - Found 120 IQR outliers for latest_balance
2025-05-17 10:45:06,432 - INFO - Generating IQR outlier plots for latest_balance
2025-05-17 10:45:07,698 - INFO - Processing metric: balance_minimum
2025-05-17 10:45:07,701 - INFO - Detecting Z-score outliers for balance_minimum
2025-05-17 10:45:07,702 - INFO - Detecting IQR outliers for balance_minimum
2025-05-17 10:45:07,706 - INFO - Found 1 Z-score outliers for balance_minimum
2025-05-17 10:45:07,706 - INFO - Generating Z-score outlier plots for balance_minimum
2025-05-17 10:57:06,099 - INFO - Starting outlier analysis...
2025-05-17 10:57:06,099 - INFO - Starting data loading process...
2025-05-17 10:57:06,099 - INFO - Loading metrics definitions from metrics.csv...
2025-05-17 10:57:06,106 - INFO - Loaded 69 metric definitions
2025-05-17 10:57:06,106 - INFO - Processing company metrics in chunks of 10000...
2025-05-17 10:57:06,977 - INFO - Processed 207210 metric records
2025-05-17 10:57:06,981 - INFO - Starting data preparation...
2025-05-17 10:57:06,998 - INFO - Found 7 metric groups to analyze
2025-05-17 10:57:06,998 - INFO - Starting outlier analysis...
2025-05-17 10:57:07,023 - INFO - Analyzing outliers for group: balance
2025-05-17 10:57:07,025 - INFO - Found 10 unique metrics in group balance
2025-05-17 10:57:07,025 - INFO - Processing metric: inflow_growth_rate
2025-05-17 10:57:07,028 - INFO - Detecting Z-score outliers for inflow_growth_rate
2025-05-17 10:57:07,028 - INFO - Detecting IQR outliers for inflow_growth_rate
2025-05-17 10:57:07,032 - INFO - Found 4 Z-score outliers for inflow_growth_rate
2025-05-17 10:57:07,033 - INFO - Generating Z-score outlier plots for inflow_growth_rate
2025-05-17 10:57:08,267 - INFO - Found 89 IQR outliers for inflow_growth_rate
2025-05-17 10:57:08,268 - INFO - Generating IQR outlier plots for inflow_growth_rate
2025-05-17 10:57:09,499 - INFO - Processing metric: inflow_daily_average
2025-05-17 10:57:09,502 - INFO - Detecting Z-score outliers for inflow_daily_average
2025-05-17 10:57:09,503 - INFO - Detecting IQR outliers for inflow_daily_average
2025-05-17 10:57:09,505 - INFO - Found 12 Z-score outliers for inflow_daily_average
2025-05-17 10:57:09,506 - INFO - Generating Z-score outlier plots for inflow_daily_average
2025-05-17 10:57:09,954 - INFO - Found 118 IQR outliers for inflow_daily_average
2025-05-17 10:57:09,955 - INFO - Generating IQR outlier plots for inflow_daily_average
2025-05-17 10:57:10,502 - INFO - Processing metric: outflow_daily_average
2025-05-17 10:57:10,505 - INFO - Detecting Z-score outliers for outflow_daily_average
2025-05-17 10:57:10,506 - INFO - Detecting IQR outliers for outflow_daily_average
2025-05-17 10:57:10,508 - INFO - Found 7 Z-score outliers for outflow_daily_average
2025-05-17 10:57:10,509 - INFO - Generating Z-score outlier plots for outflow_daily_average
2025-05-17 10:57:11,201 - INFO - Found 117 IQR outliers for outflow_daily_average
2025-05-17 10:57:11,202 - INFO - Generating IQR outlier plots for outflow_daily_average
2025-05-17 10:57:12,085 - INFO - Processing metric: latest_balance
2025-05-17 10:57:12,087 - INFO - Detecting Z-score outliers for latest_balance
2025-05-17 10:57:12,088 - INFO - Detecting IQR outliers for latest_balance
2025-05-17 10:57:12,090 - INFO - Found 7 Z-score outliers for latest_balance
2025-05-17 10:57:12,091 - INFO - Generating Z-score outlier plots for latest_balance
2025-05-17 10:57:13,301 - INFO - Found 120 IQR outliers for latest_balance
2025-05-17 10:57:13,302 - INFO - Generating IQR outlier plots for latest_balance
2025-05-17 10:57:14,715 - INFO - Processing metric: balance_minimum
2025-05-17 10:57:14,719 - INFO - Detecting Z-score outliers for balance_minimum
2025-05-17 10:57:14,720 - INFO - Detecting IQR outliers for balance_minimum
2025-05-17 10:57:14,723 - INFO - Found 1 Z-score outliers for balance_minimum
2025-05-17 10:57:14,724 - INFO - Generating Z-score outlier plots for balance_minimum
2025-05-17 11:01:22,641 - INFO - Starting outlier analysis...
2025-05-17 11:01:22,642 - INFO - Starting data loading process...
2025-05-17 11:01:22,642 - INFO - Loading metrics definitions from metrics.csv...
2025-05-17 11:01:22,653 - INFO - Loaded 69 metric definitions
2025-05-17 11:01:22,655 - INFO - Processing company metrics in chunks of 10000...
2025-05-17 11:01:23,591 - INFO - Processed 207210 metric records
2025-05-17 11:01:23,595 - INFO - Starting data preparation...
2025-05-17 11:01:23,612 - INFO - Found 7 metric groups to analyze
2025-05-17 11:01:23,613 - INFO - Starting outlier analysis...
2025-05-17 11:01:23,639 - INFO - Analyzing outliers for group: balance
2025-05-17 11:01:23,641 - INFO - Found 10 unique metrics in group balance
2025-05-17 11:01:23,641 - INFO - Processing metric: inflow_growth_rate
2025-05-17 11:01:23,644 - INFO - Detecting Z-score outliers for inflow_growth_rate
2025-05-17 11:01:23,646 - INFO - Detecting IQR outliers for inflow_growth_rate
2025-05-17 11:01:23,650 - INFO - Found 4 Z-score outliers for inflow_growth_rate
2025-05-17 11:01:23,651 - INFO - Generating Z-score outlier plots for inflow_growth_rate
2025-05-17 11:01:25,750 - INFO - Found 89 IQR outliers for inflow_growth_rate
2025-05-17 11:01:25,752 - INFO - Generating IQR outlier plots for inflow_growth_rate
2025-05-17 11:01:27,100 - INFO - Processing metric: inflow_daily_average
2025-05-17 11:01:27,103 - INFO - Detecting Z-score outliers for inflow_daily_average
2025-05-17 11:01:27,104 - INFO - Detecting IQR outliers for inflow_daily_average
2025-05-17 11:01:27,106 - INFO - Found 12 Z-score outliers for inflow_daily_average
2025-05-17 11:01:27,107 - INFO - Generating Z-score outlier plots for inflow_daily_average
2025-05-17 11:01:27,629 - INFO - Found 118 IQR outliers for inflow_daily_average
2025-05-17 11:01:27,630 - INFO - Generating IQR outlier plots for inflow_daily_average
2025-05-17 11:01:28,252 - INFO - Processing metric: outflow_daily_average
2025-05-17 11:01:28,255 - INFO - Detecting Z-score outliers for outflow_daily_average
2025-05-17 11:01:28,255 - INFO - Detecting IQR outliers for outflow_daily_average
2025-05-17 11:01:28,258 - INFO - Found 7 Z-score outliers for outflow_daily_average
2025-05-17 11:01:28,258 - INFO - Generating Z-score outlier plots for outflow_daily_average
2025-05-17 11:01:29,025 - INFO - Found 117 IQR outliers for outflow_daily_average
2025-05-17 11:01:29,027 - INFO - Generating IQR outlier plots for outflow_daily_average
2025-05-17 11:01:29,924 - INFO - Processing metric: latest_balance
2025-05-17 11:01:29,926 - INFO - Detecting Z-score outliers for latest_balance
2025-05-17 11:01:29,927 - INFO - Detecting IQR outliers for latest_balance
2025-05-17 11:01:29,929 - INFO - Found 7 Z-score outliers for latest_balance
2025-05-17 11:01:29,930 - INFO - Generating Z-score outlier plots for latest_balance
2025-05-17 11:01:31,202 - INFO - Found 120 IQR outliers for latest_balance
2025-05-17 11:01:31,203 - INFO - Generating IQR outlier plots for latest_balance
2025-05-17 11:01:32,653 - INFO - Processing metric: balance_minimum
2025-05-17 11:01:32,656 - INFO - Detecting Z-score outliers for balance_minimum
2025-05-17 11:01:32,657 - INFO - Detecting IQR outliers for balance_minimum
2025-05-17 11:01:32,660 - INFO - Found 1 Z-score outliers for balance_minimum
2025-05-17 11:01:32,661 - INFO - Generating Z-score outlier plots for balance_minimum
2025-05-17 12:42:02,735 - INFO - Starting outlier analysis...
2025-05-17 12:42:02,735 - INFO - Starting data loading process...
2025-05-17 12:42:02,735 - INFO - Loading metrics definitions from metrics.csv...
2025-05-17 12:42:02,746 - INFO - Loaded 69 metric definitions
2025-05-17 12:42:02,749 - INFO - Processing company metrics in chunks of 5000...
2025-05-17 12:42:02,795 - INFO - Processed 5000 records so far...
2025-05-17 12:42:02,836 - INFO - Processed 10000 records so far...
2025-05-17 12:42:02,875 - INFO - Processed 15000 records so far...
2025-05-17 12:42:02,918 - INFO - Processed 20000 records so far...
2025-05-17 12:42:02,958 - INFO - Processed 25000 records so far...
2025-05-17 12:42:02,998 - INFO - Processed 30000 records so far...
2025-05-17 12:42:03,038 - INFO - Processed 35000 records so far...
2025-05-17 12:42:03,099 - INFO - Processed 40000 records so far...
2025-05-17 12:42:03,415 - INFO - Processed 45000 records so far...
2025-05-17 12:42:03,505 - INFO - Processed 50000 records so far...
2025-05-17 12:42:03,574 - INFO - Processed 55000 records so far...
2025-05-17 12:42:03,618 - INFO - Processed 60000 records so far...
2025-05-17 12:42:03,667 - INFO - Processed 65000 records so far...
2025-05-17 12:42:03,709 - INFO - Processed 70000 records so far...
2025-05-17 12:42:03,746 - INFO - Processed 75000 records so far...
2025-05-17 12:42:03,784 - INFO - Processed 80000 records so far...
2025-05-17 12:42:03,820 - INFO - Processed 85000 records so far...
2025-05-17 12:42:03,855 - INFO - Processed 90000 records so far...
2025-05-17 12:42:03,894 - INFO - Processed 95000 records so far...
2025-05-17 12:42:03,930 - INFO - Processed 100000 records so far...
2025-05-17 12:42:03,965 - INFO - Processed 105000 records so far...
2025-05-17 12:42:04,000 - INFO - Processed 110000 records so far...
2025-05-17 12:42:04,035 - INFO - Processed 115000 records so far...
2025-05-17 12:42:04,072 - INFO - Processed 120000 records so far...
2025-05-17 12:42:04,109 - INFO - Processed 125000 records so far...
2025-05-17 12:42:04,146 - INFO - Processed 130000 records so far...
2025-05-17 12:42:04,183 - INFO - Processed 135000 records so far...
2025-05-17 12:42:04,217 - INFO - Processed 140000 records so far...
2025-05-17 12:42:04,252 - INFO - Processed 145000 records so far...
2025-05-17 12:42:04,287 - INFO - Processed 150000 records so far...
2025-05-17 12:42:04,325 - INFO - Processed 155000 records so far...
2025-05-17 12:42:04,360 - INFO - Processed 160000 records so far...
2025-05-17 12:42:04,396 - INFO - Processed 165000 records so far...
2025-05-17 12:42:04,431 - INFO - Processed 170000 records so far...
2025-05-17 12:42:04,466 - INFO - Processed 175000 records so far...
2025-05-17 12:42:04,501 - INFO - Processed 180000 records so far...
2025-05-17 12:42:04,536 - INFO - Processed 185000 records so far...
2025-05-17 12:42:04,573 - INFO - Processed 190000 records so far...
2025-05-17 12:42:04,613 - INFO - Processed 195000 records so far...
2025-05-17 12:42:04,660 - INFO - Processed 200000 records so far...
2025-05-17 12:42:04,696 - INFO - Processed 205000 records so far...
2025-05-17 12:42:04,729 - INFO - Processed 207210 records so far...
2025-05-17 12:42:04,729 - INFO - Combining processed chunks...
2025-05-17 12:42:04,737 - INFO - Processed 207210 metric records
2025-05-17 12:42:04,767 - INFO - Starting data preparation...
2025-05-17 12:42:04,786 - INFO - Found 7 metric groups to analyze
2025-05-17 12:42:04,786 - INFO - Starting outlier analysis...
2025-05-17 12:42:04,812 - INFO - Analyzing outliers for group: balance
2025-05-17 12:42:04,814 - INFO - Found 10 unique metrics in group balance
2025-05-17 12:42:04,814 - INFO - Processing metric: inflow_growth_rate
2025-05-17 12:42:04,817 - INFO - Detecting Z-score outliers for inflow_growth_rate
2025-05-17 12:42:04,819 - INFO - Detecting IQR outliers for inflow_growth_rate
2025-05-17 12:42:04,827 - INFO - Found 4 Z-score outliers for inflow_growth_rate
2025-05-17 12:42:04,828 - INFO - Generating Z-score outlier plots for inflow_growth_rate
2025-05-17 12:42:06,987 - INFO - Found 89 IQR outliers for inflow_growth_rate
2025-05-17 12:42:06,988 - INFO - Generating IQR outlier plots for inflow_growth_rate
2025-05-17 12:42:08,255 - INFO - Processing metric: inflow_daily_average
2025-05-17 12:42:08,258 - INFO - Detecting Z-score outliers for inflow_daily_average
2025-05-17 12:42:08,259 - INFO - Detecting IQR outliers for inflow_daily_average
2025-05-17 12:42:08,263 - INFO - Found 12 Z-score outliers for inflow_daily_average
2025-05-17 12:42:08,263 - INFO - Generating Z-score outlier plots for inflow_daily_average
2025-05-17 12:42:08,760 - INFO - Found 118 IQR outliers for inflow_daily_average
2025-05-17 12:42:08,761 - INFO - Generating IQR outlier plots for inflow_daily_average
2025-05-17 12:42:09,366 - INFO - Processing metric: outflow_daily_average
2025-05-17 12:42:09,369 - INFO - Detecting Z-score outliers for outflow_daily_average
2025-05-17 12:42:09,369 - INFO - Detecting IQR outliers for outflow_daily_average
2025-05-17 12:42:09,373 - INFO - Found 7 Z-score outliers for outflow_daily_average
2025-05-17 12:42:09,373 - INFO - Generating Z-score outlier plots for outflow_daily_average
2025-05-17 12:42:10,141 - INFO - Found 117 IQR outliers for outflow_daily_average
2025-05-17 12:42:10,142 - INFO - Generating IQR outlier plots for outflow_daily_average
2025-05-17 12:42:11,042 - INFO - Processing metric: latest_balance
2025-05-17 12:42:11,045 - INFO - Detecting Z-score outliers for latest_balance
2025-05-17 12:42:11,046 - INFO - Detecting IQR outliers for latest_balance
2025-05-17 12:42:11,049 - INFO - Found 7 Z-score outliers for latest_balance
2025-05-17 12:42:11,050 - INFO - Generating Z-score outlier plots for latest_balance
2025-05-17 12:42:12,326 - INFO - Found 120 IQR outliers for latest_balance
2025-05-17 12:42:12,327 - INFO - Generating IQR outlier plots for latest_balance
2025-05-17 12:42:13,789 - INFO - Processing metric: balance_minimum
2025-05-17 12:42:13,793 - INFO - Detecting Z-score outliers for balance_minimum
2025-05-17 12:42:13,794 - INFO - Applying log transformation for extreme values in metric_value
2025-05-17 12:42:13,797 - INFO - Detecting IQR outliers for balance_minimum
2025-05-17 12:42:13,797 - INFO - Applying log transformation for extreme values in metric_value
2025-05-17 12:42:13,855 - INFO - Processing metric: balance_average
2025-05-17 12:42:13,859 - INFO - Detecting Z-score outliers for balance_average
2025-05-17 12:42:13,860 - INFO - Applying log transformation for extreme values in metric_value
2025-05-17 12:42:13,862 - INFO - Detecting IQR outliers for balance_average
2025-05-17 12:42:13,862 - INFO - Applying log transformation for extreme values in metric_value
2025-05-17 12:42:13,867 - INFO - Found 41 Z-score outliers for balance_average
2025-05-17 12:42:13,868 - INFO - Generating Z-score outlier plots for balance_average
2025-05-17 12:42:14,259 - INFO - Found 1303 IQR outliers for balance_average
2025-05-17 12:42:14,260 - INFO - Generating IQR outlier plots for balance_average
2025-05-17 12:42:15,373 - INFO - Processing metric: change_in_balance
2025-05-17 12:42:15,376 - INFO - Detecting Z-score outliers for change_in_balance
2025-05-17 12:42:15,376 - INFO - Applying log transformation for extreme values in metric_value
2025-05-17 12:42:15,378 - INFO - Detecting IQR outliers for change_in_balance
2025-05-17 12:42:15,378 - INFO - Applying log transformation for extreme values in metric_value
2025-05-17 12:42:15,406 - INFO - Processing metric: weekday_balance_average
2025-05-17 12:42:15,409 - INFO - Detecting Z-score outliers for weekday_balance_average
2025-05-17 12:42:15,410 - INFO - Detecting IQR outliers for weekday_balance_average
2025-05-17 12:42:15,413 - INFO - Found 1 Z-score outliers for weekday_balance_average
2025-05-17 12:42:15,414 - INFO - Generating Z-score outlier plots for weekday_balance_average
2025-05-17 12:43:13,478 - INFO - Found 103 IQR outliers for weekday_balance_average
2025-05-17 12:43:13,480 - INFO - Generating IQR outlier plots for weekday_balance_average
2025-05-17 12:44:22,419 - INFO - Processing metric: weekday_with_highest_avg
2025-05-17 12:44:22,423 - INFO - Detecting Z-score outliers for weekday_with_highest_avg
2025-05-17 12:44:22,424 - INFO - Detecting IQR outliers for weekday_with_highest_avg
2025-05-17 12:44:22,455 - INFO - Processing metric: weekday_with_lowest_avg
2025-05-17 12:44:22,458 - INFO - Detecting Z-score outliers for weekday_with_lowest_avg
2025-05-17 12:44:22,459 - INFO - Detecting IQR outliers for weekday_with_lowest_avg
2025-05-17 12:44:22,513 - INFO - Analyzing outliers for group: data_quality
2025-05-17 12:44:22,515 - INFO - Found 12 unique metrics in group data_quality
2025-05-17 12:44:22,515 - INFO - Processing metric: data_volume
2025-05-17 12:44:22,517 - INFO - Detecting Z-score outliers for data_volume
2025-05-17 12:44:22,518 - INFO - Detecting IQR outliers for data_volume
2025-05-17 12:44:22,521 - INFO - Found 14 Z-score outliers for data_volume
2025-05-17 12:44:22,523 - INFO - Generating Z-score outlier plots for data_volume
2025-05-17 12:44:22,845 - INFO - Found 56 IQR outliers for data_volume
2025-05-17 12:44:22,846 - INFO - Generating IQR outlier plots for data_volume
2025-05-17 12:44:23,210 - INFO - Processing metric: date_range
2025-05-17 12:44:23,212 - INFO - Detecting Z-score outliers for date_range
2025-05-17 12:44:23,213 - INFO - Detecting IQR outliers for date_range
2025-05-17 12:44:23,216 - INFO - Found 26 Z-score outliers for date_range
2025-05-17 12:44:23,217 - INFO - Generating Z-score outlier plots for date_range
2025-05-17 12:44:23,502 - INFO - Found 56 IQR outliers for date_range
2025-05-17 12:44:23,503 - INFO - Generating IQR outlier plots for date_range
2025-05-17 12:44:23,836 - INFO - Processing metric: data_freshness
2025-05-17 12:44:23,838 - INFO - Detecting Z-score outliers for data_freshness
2025-05-17 12:44:23,839 - INFO - Detecting IQR outliers for data_freshness
2025-05-17 12:44:23,867 - INFO - Processing metric: has_balance_ratio
2025-05-17 12:44:23,870 - INFO - Detecting Z-score outliers for has_balance_ratio
2025-05-17 12:44:23,870 - INFO - Detecting IQR outliers for has_balance_ratio
2025-05-17 12:44:23,874 - INFO - Found 6 Z-score outliers for has_balance_ratio
2025-05-17 12:44:23,875 - INFO - Generating Z-score outlier plots for has_balance_ratio
2025-05-17 12:44:24,117 - INFO - Found 4 IQR outliers for has_balance_ratio
2025-05-17 12:44:24,118 - INFO - Generating IQR outlier plots for has_balance_ratio
2025-05-17 12:44:24,387 - INFO - Processing metric: data_coverage
2025-05-17 12:44:24,390 - INFO - Detecting Z-score outliers for data_coverage
2025-05-17 12:44:24,391 - INFO - Detecting IQR outliers for data_coverage
2025-05-17 12:44:24,446 - INFO - Processing metric: accounts
2025-05-17 12:44:24,449 - INFO - Detecting Z-score outliers for accounts
2025-05-17 12:44:24,450 - INFO - Detecting IQR outliers for accounts
2025-05-17 12:44:24,453 - INFO - Found 9 Z-score outliers for accounts
2025-05-17 12:44:24,454 - INFO - Generating Z-score outlier plots for accounts
2025-05-17 12:44:24,906 - INFO - Found 65 IQR outliers for accounts
2025-05-17 12:44:24,907 - INFO - Generating IQR outlier plots for accounts
2025-05-17 12:44:25,441 - INFO - Processing metric: potentially_duplicated_account_pairs
2025-05-17 12:44:25,443 - INFO - Detecting Z-score outliers for potentially_duplicated_account_pairs
2025-05-17 12:44:25,444 - INFO - Detecting IQR outliers for potentially_duplicated_account_pairs
2025-05-17 12:44:25,472 - INFO - Processing metric: inflows
2025-05-17 12:44:25,476 - INFO - Detecting Z-score outliers for inflows
2025-05-17 12:44:25,477 - INFO - Detecting IQR outliers for inflows
2025-05-17 12:44:25,481 - INFO - Found 76 Z-score outliers for inflows
2025-05-17 12:44:25,481 - INFO - Generating Z-score outlier plots for inflows
2025-05-17 12:44:26,151 - INFO - Found 472 IQR outliers for inflows
2025-05-17 12:44:26,152 - INFO - Generating IQR outlier plots for inflows
2025-05-17 12:44:27,096 - INFO - Processing metric: outflows
2025-05-17 12:44:27,099 - INFO - Detecting Z-score outliers for outflows
2025-05-17 12:44:27,100 - INFO - Detecting IQR outliers for outflows
2025-05-17 12:44:27,105 - INFO - Found 102 Z-score outliers for outflows
2025-05-17 12:44:27,105 - INFO - Generating Z-score outlier plots for outflows
2025-05-17 12:44:27,582 - INFO - Found 475 IQR outliers for outflows
2025-05-17 12:44:27,582 - INFO - Generating IQR outlier plots for outflows
2025-05-17 12:44:28,310 - INFO - Processing metric: inflow_amount
2025-05-17 12:44:28,313 - INFO - Detecting Z-score outliers for inflow_amount
2025-05-17 12:44:28,313 - INFO - Detecting IQR outliers for inflow_amount
2025-05-17 12:44:28,317 - INFO - Found 11 Z-score outliers for inflow_amount
2025-05-17 12:44:28,317 - INFO - Generating Z-score outlier plots for inflow_amount
2025-05-17 12:44:28,819 - INFO - Found 117 IQR outliers for inflow_amount
2025-05-17 12:44:28,820 - INFO - Generating IQR outlier plots for inflow_amount
2025-05-17 12:44:29,446 - INFO - Processing metric: confidence
2025-05-17 12:44:29,448 - INFO - Detecting Z-score outliers for confidence
2025-05-17 12:44:29,449 - INFO - Detecting IQR outliers for confidence
2025-05-17 12:44:29,452 - INFO - Found 5 Z-score outliers for confidence
2025-05-17 12:44:29,453 - INFO - Generating Z-score outlier plots for confidence
2025-05-17 12:44:29,718 - INFO - Found 29 IQR outliers for confidence
2025-05-17 12:44:29,719 - INFO - Generating IQR outlier plots for confidence
2025-05-17 12:44:30,031 - INFO - Processing metric: revenue_anomalies
2025-05-17 12:44:30,033 - INFO - Detecting Z-score outliers for revenue_anomalies
2025-05-17 12:44:30,034 - INFO - Detecting IQR outliers for revenue_anomalies
2025-05-17 12:44:30,037 - INFO - Found 8 Z-score outliers for revenue_anomalies
2025-05-17 12:44:30,038 - INFO - Generating Z-score outlier plots for revenue_anomalies
2025-05-17 12:44:30,445 - INFO - Found 73 IQR outliers for revenue_anomalies
2025-05-17 12:44:30,445 - INFO - Generating IQR outlier plots for revenue_anomalies
2025-05-17 12:44:30,952 - INFO - Analyzing outliers for group: debt
2025-05-17 12:44:30,954 - INFO - Found 8 unique metrics in group debt
2025-05-17 12:44:30,954 - INFO - Processing metric: last_debt_investment
2025-05-17 12:44:30,957 - INFO - Detecting Z-score outliers for last_debt_investment
2025-05-17 12:44:30,958 - INFO - Detecting IQR outliers for last_debt_investment
2025-05-17 12:44:30,962 - INFO - Found 64 Z-score outliers for last_debt_investment
2025-05-17 12:44:30,962 - INFO - Generating Z-score outlier plots for last_debt_investment
2025-05-17 12:44:31,305 - INFO - Found 163 IQR outliers for last_debt_investment
2025-05-17 12:44:31,306 - INFO - Generating IQR outlier plots for last_debt_investment
2025-05-17 12:44:31,745 - INFO - Processing metric: last_debt_investment_days
2025-05-17 12:44:31,747 - INFO - Detecting Z-score outliers for last_debt_investment_days
2025-05-17 12:44:31,748 - INFO - Detecting IQR outliers for last_debt_investment_days
2025-05-17 12:44:31,751 - INFO - Found 12 Z-score outliers for last_debt_investment_days
2025-05-17 12:44:31,752 - INFO - Generating Z-score outlier plots for last_debt_investment_days
2025-05-17 12:44:32,026 - INFO - Found 29 IQR outliers for last_debt_investment_days
2025-05-17 12:44:32,027 - INFO - Generating IQR outlier plots for last_debt_investment_days
2025-05-17 12:44:32,344 - INFO - Processing metric: debt_repayment_daily_average
2025-05-17 12:44:32,347 - INFO - Detecting Z-score outliers for debt_repayment_daily_average
2025-05-17 12:44:32,348 - INFO - Detecting IQR outliers for debt_repayment_daily_average
2025-05-17 12:44:32,352 - INFO - Found 23 Z-score outliers for debt_repayment_daily_average
2025-05-17 12:44:32,353 - INFO - Generating Z-score outlier plots for debt_repayment_daily_average
2025-05-17 12:44:42,684 - INFO - Found 570 IQR outliers for debt_repayment_daily_average
2025-05-17 12:44:42,685 - INFO - Generating IQR outlier plots for debt_repayment_daily_average
2025-05-17 12:44:54,225 - INFO - Processing metric: debt_investment
2025-05-17 12:44:54,230 - INFO - Detecting Z-score outliers for debt_investment
2025-05-17 12:44:54,230 - INFO - Detecting IQR outliers for debt_investment
2025-05-17 12:44:54,234 - INFO - Found 32 Z-score outliers for debt_investment
2025-05-17 12:44:54,235 - INFO - Generating Z-score outlier plots for debt_investment
2025-05-17 12:44:54,516 - INFO - Found 61 IQR outliers for debt_investment
2025-05-17 12:44:54,517 - INFO - Generating IQR outlier plots for debt_investment
2025-05-17 12:44:54,841 - INFO - Processing metric: debt_investors
2025-05-17 12:44:54,845 - INFO - Detecting Z-score outliers for debt_investors
2025-05-17 12:44:54,846 - INFO - Detecting IQR outliers for debt_investors
2025-05-17 12:44:54,850 - INFO - Found 173 Z-score outliers for debt_investors
2025-05-17 12:44:54,851 - INFO - Generating Z-score outlier plots for debt_investors
2025-05-17 12:44:55,240 - INFO - Found 173 IQR outliers for debt_investors
2025-05-17 12:44:55,241 - INFO - Generating IQR outlier plots for debt_investors
2025-05-17 12:44:55,827 - INFO - Processing metric: debt_investment_count
2025-05-17 12:44:55,830 - INFO - Detecting Z-score outliers for debt_investment_count
2025-05-17 12:44:55,831 - INFO - Detecting IQR outliers for debt_investment_count
2025-05-17 12:44:55,834 - INFO - Found 23 Z-score outliers for debt_investment_count
2025-05-17 12:44:55,835 - INFO - Generating Z-score outlier plots for debt_investment_count
2025-05-17 12:44:56,259 - INFO - Found 134 IQR outliers for debt_investment_count
2025-05-17 12:44:56,260 - INFO - Generating IQR outlier plots for debt_investment_count
2025-05-17 12:44:56,785 - INFO - Processing metric: debt_repayment
2025-05-17 12:44:56,789 - INFO - Detecting Z-score outliers for debt_repayment
2025-05-17 12:44:56,790 - INFO - Detecting IQR outliers for debt_repayment
2025-05-17 12:44:56,793 - INFO - Found 37 Z-score outliers for debt_repayment
2025-05-17 12:44:56,794 - INFO - Generating Z-score outlier plots for debt_repayment
2025-05-17 12:44:59,903 - INFO - Found 549 IQR outliers for debt_repayment
2025-05-17 12:44:59,904 - INFO - Generating IQR outlier plots for debt_repayment
2025-05-17 12:45:03,550 - INFO - Processing metric: debt_service_coverage_ratio
2025-05-17 12:45:03,554 - INFO - Detecting Z-score outliers for debt_service_coverage_ratio
2025-05-17 12:45:03,555 - INFO - Detecting IQR outliers for debt_service_coverage_ratio
2025-05-17 12:45:03,559 - INFO - Found 2 Z-score outliers for debt_service_coverage_ratio
2025-05-17 12:45:03,559 - INFO - Generating Z-score outlier plots for debt_service_coverage_ratio
2025-05-17 12:52:02,903 - INFO - Starting outlier analysis...
2025-05-17 12:52:02,904 - INFO - Starting data loading process...
2025-05-17 12:52:02,904 - INFO - Loading metrics definitions from metrics.csv...
2025-05-17 12:52:02,913 - INFO - Loaded 69 metric definitions
2025-05-17 12:52:02,915 - INFO - Processing company metrics in chunks of 5000...
2025-05-17 12:52:02,959 - INFO - Processed 5000 records so far...
2025-05-17 12:52:03,002 - INFO - Processed 10000 records so far...
2025-05-17 12:52:03,042 - INFO - Processed 15000 records so far...
2025-05-17 12:52:03,082 - INFO - Processed 20000 records so far...
2025-05-17 12:52:03,124 - INFO - Processed 25000 records so far...
2025-05-17 12:52:03,165 - INFO - Processed 30000 records so far...
2025-05-17 12:52:03,207 - INFO - Processed 35000 records so far...
2025-05-17 12:52:03,247 - INFO - Processed 40000 records so far...
2025-05-17 12:52:03,288 - INFO - Processed 45000 records so far...
2025-05-17 12:52:03,329 - INFO - Processed 50000 records so far...
2025-05-17 12:52:03,369 - INFO - Processed 55000 records so far...
2025-05-17 12:52:03,407 - INFO - Processed 60000 records so far...
2025-05-17 12:52:03,449 - INFO - Processed 65000 records so far...
2025-05-17 12:52:03,485 - INFO - Processed 70000 records so far...
2025-05-17 12:52:03,521 - INFO - Processed 75000 records so far...
2025-05-17 12:52:03,558 - INFO - Processed 80000 records so far...
2025-05-17 12:52:03,593 - INFO - Processed 85000 records so far...
2025-05-17 12:52:03,629 - INFO - Processed 90000 records so far...
2025-05-17 12:52:03,663 - INFO - Processed 95000 records so far...
2025-05-17 12:52:03,700 - INFO - Processed 100000 records so far...
2025-05-17 12:52:03,739 - INFO - Processed 105000 records so far...
2025-05-17 12:52:03,774 - INFO - Processed 110000 records so far...
2025-05-17 12:52:03,811 - INFO - Processed 115000 records so far...
2025-05-17 12:52:03,846 - INFO - Processed 120000 records so far...
2025-05-17 12:52:03,880 - INFO - Processed 125000 records so far...
2025-05-17 12:52:03,916 - INFO - Processed 130000 records so far...
2025-05-17 12:52:03,951 - INFO - Processed 135000 records so far...
2025-05-17 12:52:03,985 - INFO - Processed 140000 records so far...
2025-05-17 12:52:04,019 - INFO - Processed 145000 records so far...
2025-05-17 12:52:04,055 - INFO - Processed 150000 records so far...
2025-05-17 12:52:04,091 - INFO - Processed 155000 records so far...
2025-05-17 12:52:04,127 - INFO - Processed 160000 records so far...
2025-05-17 12:52:04,161 - INFO - Processed 165000 records so far...
2025-05-17 12:52:04,197 - INFO - Processed 170000 records so far...
2025-05-17 12:52:04,231 - INFO - Processed 175000 records so far...
2025-05-17 12:52:04,266 - INFO - Processed 180000 records so far...
2025-05-17 12:52:04,301 - INFO - Processed 185000 records so far...
2025-05-17 12:52:04,337 - INFO - Processed 190000 records so far...
2025-05-17 12:52:04,371 - INFO - Processed 195000 records so far...
2025-05-17 12:52:04,408 - INFO - Processed 200000 records so far...
2025-05-17 12:52:04,446 - INFO - Processed 205000 records so far...
2025-05-17 12:52:04,478 - INFO - Processed 207210 records so far...
2025-05-17 12:52:04,478 - INFO - Combining processed chunks...
2025-05-17 12:52:04,486 - INFO - Processed 207210 metric records
2025-05-17 12:52:04,518 - INFO - Starting data preparation...
2025-05-17 12:52:04,535 - INFO - Found 7 metric groups to analyze
2025-05-17 12:52:04,535 - INFO - Starting outlier analysis...
2025-05-17 12:52:04,559 - INFO - Analyzing outliers for group: balance
2025-05-17 12:52:04,561 - INFO - Found 10 unique metrics in group balance
2025-05-17 12:52:04,614 - INFO - Analyzing outliers for group: data_quality
2025-05-17 12:52:04,616 - INFO - Found 12 unique metrics in group data_quality
2025-05-17 12:52:04,692 - INFO - Analyzing outliers for group: debt
2025-05-17 12:52:04,694 - INFO - Found 8 unique metrics in group debt
2025-05-17 12:52:04,720 - INFO - Processing metric: debt_service_coverage_ratio
2025-05-17 12:52:04,724 - INFO - Detecting Z-score outliers for debt_service_coverage_ratio
2025-05-17 12:52:04,726 - INFO - Detecting IQR outliers for debt_service_coverage_ratio
2025-05-17 12:52:04,733 - INFO - Found 2 Z-score outliers for debt_service_coverage_ratio
2025-05-17 12:52:04,734 - INFO - Generating Z-score outlier plots for debt_service_coverage_ratio
2025-05-17 12:53:05,428 - INFO - Starting outlier analysis...
2025-05-17 12:53:05,428 - INFO - Starting data loading process...
2025-05-17 12:53:05,428 - INFO - Loading metrics definitions from metrics.csv...
2025-05-17 12:53:05,435 - INFO - Loaded 69 metric definitions
2025-05-17 12:53:05,436 - INFO - Processing company metrics in chunks of 5000...
2025-05-17 12:53:05,476 - INFO - Processed 5000 records so far...
2025-05-17 12:53:05,514 - INFO - Processed 10000 records so far...
2025-05-17 12:53:05,551 - INFO - Processed 15000 records so far...
2025-05-17 12:53:05,588 - INFO - Processed 20000 records so far...
2025-05-17 12:53:05,625 - INFO - Processed 25000 records so far...
2025-05-17 12:53:05,662 - INFO - Processed 30000 records so far...
2025-05-17 12:53:05,699 - INFO - Processed 35000 records so far...
2025-05-17 12:53:05,738 - INFO - Processed 40000 records so far...
2025-05-17 12:53:05,777 - INFO - Processed 45000 records so far...
2025-05-17 12:53:05,815 - INFO - Processed 50000 records so far...
2025-05-17 12:53:05,850 - INFO - Processed 55000 records so far...
2025-05-17 12:53:05,885 - INFO - Processed 60000 records so far...
2025-05-17 12:53:05,922 - INFO - Processed 65000 records so far...
2025-05-17 12:53:05,957 - INFO - Processed 70000 records so far...
2025-05-17 12:53:05,992 - INFO - Processed 75000 records so far...
2025-05-17 12:53:06,028 - INFO - Processed 80000 records so far...
2025-05-17 12:53:06,062 - INFO - Processed 85000 records so far...
2025-05-17 12:53:06,096 - INFO - Processed 90000 records so far...
2025-05-17 12:53:06,131 - INFO - Processed 95000 records so far...
2025-05-17 12:53:06,165 - INFO - Processed 100000 records so far...
2025-05-17 12:53:06,199 - INFO - Processed 105000 records so far...
2025-05-17 12:53:06,233 - INFO - Processed 110000 records so far...
2025-05-17 12:53:06,268 - INFO - Processed 115000 records so far...
2025-05-17 12:53:06,301 - INFO - Processed 120000 records so far...
2025-05-17 12:53:06,334 - INFO - Processed 125000 records so far...
2025-05-17 12:53:06,371 - INFO - Processed 130000 records so far...
2025-05-17 12:53:06,405 - INFO - Processed 135000 records so far...
2025-05-17 12:53:06,439 - INFO - Processed 140000 records so far...
2025-05-17 12:53:06,473 - INFO - Processed 145000 records so far...
2025-05-17 12:53:06,508 - INFO - Processed 150000 records so far...
2025-05-17 12:53:06,543 - INFO - Processed 155000 records so far...
2025-05-17 12:53:06,578 - INFO - Processed 160000 records so far...
2025-05-17 12:53:06,612 - INFO - Processed 165000 records so far...
2025-05-17 12:53:06,647 - INFO - Processed 170000 records so far...
2025-05-17 12:53:06,681 - INFO - Processed 175000 records so far...
2025-05-17 12:53:06,717 - INFO - Processed 180000 records so far...
2025-05-17 12:53:06,752 - INFO - Processed 185000 records so far...
2025-05-17 12:53:06,787 - INFO - Processed 190000 records so far...
2025-05-17 12:53:06,824 - INFO - Processed 195000 records so far...
2025-05-17 12:53:06,859 - INFO - Processed 200000 records so far...
2025-05-17 12:53:06,895 - INFO - Processed 205000 records so far...
2025-05-17 12:53:06,928 - INFO - Processed 207210 records so far...
2025-05-17 12:53:06,928 - INFO - Combining processed chunks...
2025-05-17 12:53:06,934 - INFO - Processed 207210 metric records
2025-05-17 12:53:06,963 - INFO - Starting data preparation...
2025-05-17 12:53:06,980 - INFO - Found 7 metric groups to analyze
2025-05-17 12:53:06,980 - INFO - Starting outlier analysis...
2025-05-17 12:53:07,003 - INFO - Analyzing outliers for group: balance
2025-05-17 12:53:07,005 - INFO - Found 10 unique metrics in group balance
2025-05-17 12:53:07,056 - INFO - Analyzing outliers for group: data_quality
2025-05-17 12:53:07,057 - INFO - Found 12 unique metrics in group data_quality
2025-05-17 12:53:07,127 - INFO - Analyzing outliers for group: debt
2025-05-17 12:53:07,130 - INFO - Found 8 unique metrics in group debt
2025-05-17 12:53:07,154 - INFO - Processing metric: debt_service_coverage_ratio
2025-05-17 12:53:07,158 - INFO - Detecting Z-score outliers for debt_service_coverage_ratio
2025-05-17 12:53:07,159 - INFO - Detecting IQR outliers for debt_service_coverage_ratio
2025-05-17 12:53:07,165 - INFO - Found 2 Z-score outliers for debt_service_coverage_ratio
2025-05-17 12:53:07,166 - INFO - Generating Z-score outlier plots for debt_service_coverage_ratio
2025-05-17 12:58:47,290 - INFO - Starting outlier analysis...
2025-05-17 12:58:47,292 - INFO - Starting data loading process...
2025-05-17 12:58:47,292 - INFO - Loading metrics definitions from metrics.csv...
2025-05-17 12:58:47,316 - INFO - Loaded 69 metric definitions
2025-05-17 12:58:47,320 - INFO - Processing company metrics in chunks of 5000...
2025-05-17 12:58:47,439 - INFO - Processed 5000 records so far...
2025-05-17 12:58:47,507 - INFO - Processed 10000 records so far...
2025-05-17 12:58:47,591 - INFO - Processed 15000 records so far...
2025-05-17 12:58:47,666 - INFO - Processed 20000 records so far...
2025-05-17 12:58:47,733 - INFO - Processed 25000 records so far...
2025-05-17 12:58:47,830 - INFO - Processed 30000 records so far...
2025-05-17 12:58:47,895 - INFO - Processed 35000 records so far...
2025-05-17 12:58:47,981 - INFO - Processed 40000 records so far...
2025-05-17 12:58:48,050 - INFO - Processed 45000 records so far...
2025-05-17 12:58:48,111 - INFO - Processed 50000 records so far...
2025-05-17 12:58:48,206 - INFO - Processed 55000 records so far...
2025-05-17 12:58:48,251 - INFO - Processed 60000 records so far...
2025-05-17 12:58:48,301 - INFO - Processed 65000 records so far...
2025-05-17 12:58:48,357 - INFO - Processed 70000 records so far...
2025-05-17 12:58:48,400 - INFO - Processed 75000 records so far...
2025-05-17 12:58:48,442 - INFO - Processed 80000 records so far...
2025-05-17 12:58:48,483 - INFO - Processed 85000 records so far...
2025-05-17 12:58:48,521 - INFO - Processed 90000 records so far...
2025-05-17 12:58:48,564 - INFO - Processed 95000 records so far...
2025-05-17 12:58:48,603 - INFO - Processed 100000 records so far...
2025-05-17 12:58:48,659 - INFO - Processed 105000 records so far...
2025-05-17 12:58:48,702 - INFO - Processed 110000 records so far...
2025-05-17 12:58:48,748 - INFO - Processed 115000 records so far...
2025-05-17 12:58:48,820 - INFO - Processed 120000 records so far...
2025-05-17 12:58:48,881 - INFO - Processed 125000 records so far...
2025-05-17 12:58:48,934 - INFO - Processed 130000 records so far...
2025-05-17 12:58:48,988 - INFO - Processed 135000 records so far...
2025-05-17 12:58:49,040 - INFO - Processed 140000 records so far...
2025-05-17 12:58:49,092 - INFO - Processed 145000 records so far...
2025-05-17 12:58:49,142 - INFO - Processed 150000 records so far...
2025-05-17 12:58:49,208 - INFO - Processed 155000 records so far...
2025-05-17 12:58:49,268 - INFO - Processed 160000 records so far...
2025-05-17 12:58:49,323 - INFO - Processed 165000 records so far...
2025-05-17 12:58:49,390 - INFO - Processed 170000 records so far...
2025-05-17 12:58:49,463 - INFO - Processed 175000 records so far...
2025-05-17 12:58:49,516 - INFO - Processed 180000 records so far...
2025-05-17 12:58:49,564 - INFO - Processed 185000 records so far...
2025-05-17 12:58:49,638 - INFO - Processed 190000 records so far...
2025-05-17 12:58:49,706 - INFO - Processed 195000 records so far...
2025-05-17 12:58:49,775 - INFO - Processed 200000 records so far...
2025-05-17 12:58:49,836 - INFO - Processed 205000 records so far...
2025-05-17 12:58:49,878 - INFO - Processed 207210 records so far...
2025-05-17 12:58:49,878 - INFO - Combining processed chunks...
2025-05-17 12:58:49,897 - INFO - Processed 207210 metric records
2025-05-17 12:58:49,941 - INFO - Starting data preparation...
2025-05-17 12:58:49,965 - INFO - Found 7 metric groups to analyze
2025-05-17 12:58:49,965 - INFO - Starting outlier analysis...
2025-05-17 12:58:49,996 - INFO - Analyzing outliers for group: balance
2025-05-17 12:58:49,999 - INFO - Found 10 unique metrics in group balance
2025-05-17 12:58:50,065 - INFO - Analyzing outliers for group: data_quality
2025-05-17 12:58:50,066 - INFO - Found 12 unique metrics in group data_quality
2025-05-17 12:58:50,167 - INFO - Analyzing outliers for group: debt
2025-05-17 12:58:50,170 - INFO - Found 8 unique metrics in group debt
2025-05-17 12:58:50,206 - INFO - Processing metric: debt_service_coverage_ratio
2025-05-17 12:58:50,211 - INFO - Detecting Z-score outliers for debt_service_coverage_ratio
2025-05-17 12:58:50,213 - INFO - Detecting IQR outliers for debt_service_coverage_ratio
2025-05-17 12:58:50,221 - INFO - Found 2 Z-score outliers for debt_service_coverage_ratio
2025-05-17 12:58:50,222 - INFO - Generating Z-score outlier plots for debt_service_coverage_ratio
2025-05-17 12:58:52,305 - INFO - Found 1293 IQR outliers for debt_service_coverage_ratio
2025-05-17 12:58:52,306 - INFO - Generating IQR outlier plots for debt_service_coverage_ratio
2025-05-17 12:58:52,711 - INFO - Analyzing outliers for group: heron
2025-05-17 12:58:52,712 - INFO - Found 6 unique metrics in group heron
2025-05-17 12:58:52,712 - INFO - Processing metric: merchant_heron_ids
2025-05-17 12:58:52,714 - INFO - Detecting Z-score outliers for merchant_heron_ids
2025-05-17 12:58:52,715 - INFO - Detecting IQR outliers for merchant_heron_ids
2025-05-17 12:58:52,753 - INFO - Processing metric: predicted_nsf_fees
2025-05-17 12:58:52,756 - INFO - Detecting Z-score outliers for predicted_nsf_fees
2025-05-17 12:58:52,756 - INFO - Detecting IQR outliers for predicted_nsf_fees
2025-05-17 12:58:52,762 - INFO - Found 138 Z-score outliers for predicted_nsf_fees
2025-05-17 12:58:52,763 - INFO - Generating Z-score outlier plots for predicted_nsf_fees
2025-05-17 12:58:53,262 - INFO - Found 458 IQR outliers for predicted_nsf_fees
2025-05-17 12:58:53,264 - INFO - Generating IQR outlier plots for predicted_nsf_fees
2025-05-17 12:58:54,112 - INFO - Processing metric: predicted_balance_daily_average
2025-05-17 12:58:54,120 - INFO - Detecting Z-score outliers for predicted_balance_daily_average
2025-05-17 12:58:54,122 - INFO - Detecting IQR outliers for predicted_balance_daily_average
2025-05-17 12:58:54,126 - INFO - Found 6 Z-score outliers for predicted_balance_daily_average
2025-05-17 12:58:54,127 - INFO - Generating Z-score outlier plots for predicted_balance_daily_average
2025-05-17 12:58:54,478 - INFO - Found 366 IQR outliers for predicted_balance_daily_average
2025-05-17 12:58:54,479 - INFO - Generating IQR outlier plots for predicted_balance_daily_average
2025-05-17 12:58:55,249 - INFO - Processing metric: heron_score
2025-05-17 12:58:55,260 - INFO - Detecting Z-score outliers for heron_score
2025-05-17 12:58:55,262 - INFO - Detecting IQR outliers for heron_score
2025-05-17 12:58:55,268 - INFO - Found 38 IQR outliers for heron_score
2025-05-17 12:58:55,269 - INFO - Generating IQR outlier plots for heron_score
2025-05-17 12:58:55,872 - INFO - Processing metric: distinct_mcas_from_outflows
2025-05-17 12:58:55,884 - INFO - Detecting Z-score outliers for distinct_mcas_from_outflows
2025-05-17 12:58:55,885 - INFO - Detecting IQR outliers for distinct_mcas_from_outflows
2025-05-17 12:58:55,979 - INFO - Processing metric: distinct_mcas_from_inflows
2025-05-17 12:58:55,981 - INFO - Detecting Z-score outliers for distinct_mcas_from_inflows
2025-05-17 12:58:55,982 - INFO - Detecting IQR outliers for distinct_mcas_from_inflows
2025-05-17 12:58:56,058 - INFO - Analyzing outliers for group: processing_quality
2025-05-17 12:58:56,058 - INFO - Found 3 unique metrics in group processing_quality
2025-05-17 12:58:56,058 - INFO - Processing metric: category_coverage
2025-05-17 12:58:56,060 - INFO - Detecting Z-score outliers for category_coverage
2025-05-17 12:58:56,061 - INFO - Detecting IQR outliers for category_coverage
2025-05-17 12:58:56,094 - INFO - Processing metric: merchant_coverage
2025-05-17 12:58:56,097 - INFO - Detecting Z-score outliers for merchant_coverage
2025-05-17 12:58:56,098 - INFO - Detecting IQR outliers for merchant_coverage
2025-05-17 12:58:56,102 - INFO - Found 1 Z-score outliers for merchant_coverage
2025-05-17 12:58:56,103 - INFO - Generating Z-score outlier plots for merchant_coverage
2025-05-17 12:58:56,545 - INFO - Found 1 IQR outliers for merchant_coverage
2025-05-17 12:58:56,546 - INFO - Generating IQR outlier plots for merchant_coverage
2025-05-17 12:58:56,998 - INFO - Processing metric: unconnected_account_ratio
2025-05-17 12:58:57,000 - INFO - Detecting Z-score outliers for unconnected_account_ratio
2025-05-17 12:58:57,001 - INFO - Detecting IQR outliers for unconnected_account_ratio
2025-05-17 12:58:57,005 - INFO - Found 3 Z-score outliers for unconnected_account_ratio
2025-05-17 12:58:57,005 - INFO - Generating Z-score outlier plots for unconnected_account_ratio
2025-05-17 12:58:57,441 - INFO - Found 117 IQR outliers for unconnected_account_ratio
2025-05-17 12:58:57,442 - INFO - Generating IQR outlier plots for unconnected_account_ratio
2025-05-17 12:58:58,068 - INFO - Analyzing outliers for group: profit_and_loss
2025-05-17 12:58:58,087 - INFO - Found 21 unique metrics in group profit_and_loss
2025-05-17 12:58:58,087 - INFO - Processing metric: revenue_daily_average
2025-05-17 12:58:58,101 - INFO - Detecting Z-score outliers for revenue_daily_average
2025-05-17 12:58:58,103 - INFO - Detecting IQR outliers for revenue_daily_average
2025-05-17 12:58:58,113 - INFO - Found 137 Z-score outliers for revenue_daily_average
2025-05-17 12:58:58,115 - INFO - Generating Z-score outlier plots for revenue_daily_average
2025-05-17 12:58:58,887 - INFO - Found 1319 IQR outliers for revenue_daily_average
2025-05-17 12:58:58,892 - INFO - Generating IQR outlier plots for revenue_daily_average
2025-05-17 12:59:00,743 - INFO - Processing metric: cogs_daily_average
2025-05-17 12:59:00,764 - INFO - Detecting Z-score outliers for cogs_daily_average
2025-05-17 12:59:00,765 - INFO - Detecting IQR outliers for cogs_daily_average
2025-05-17 12:59:00,771 - INFO - Found 19 Z-score outliers for cogs_daily_average
2025-05-17 12:59:00,772 - INFO - Generating Z-score outlier plots for cogs_daily_average
2025-05-17 12:59:01,370 - INFO - Found 830 IQR outliers for cogs_daily_average
2025-05-17 12:59:01,376 - INFO - Generating IQR outlier plots for cogs_daily_average
2025-05-17 12:59:02,549 - INFO - Processing metric: opex_daily_average
2025-05-17 12:59:02,560 - INFO - Detecting Z-score outliers for opex_daily_average
2025-05-17 12:59:02,561 - INFO - Detecting IQR outliers for opex_daily_average
2025-05-17 12:59:02,569 - INFO - Found 25 Z-score outliers for opex_daily_average
2025-05-17 12:59:02,572 - INFO - Generating Z-score outlier plots for opex_daily_average
2025-05-17 12:59:03,004 - INFO - Found 610 IQR outliers for opex_daily_average
2025-05-17 12:59:03,005 - INFO - Generating IQR outlier plots for opex_daily_average
2025-05-17 12:59:04,867 - INFO - Processing metric: revenue_sources
2025-05-17 12:59:04,882 - INFO - Detecting Z-score outliers for revenue_sources
2025-05-17 12:59:04,884 - INFO - Detecting IQR outliers for revenue_sources
2025-05-17 12:59:04,890 - INFO - Found 22 Z-score outliers for revenue_sources
2025-05-17 12:59:04,891 - INFO - Generating Z-score outlier plots for revenue_sources
2025-05-17 12:59:05,602 - INFO - Found 41 IQR outliers for revenue_sources
2025-05-17 12:59:05,604 - INFO - Generating IQR outlier plots for revenue_sources
2025-05-17 12:59:06,111 - INFO - Processing metric: revenue
2025-05-17 12:59:06,123 - INFO - Detecting Z-score outliers for revenue
2025-05-17 12:59:06,124 - INFO - Detecting IQR outliers for revenue
2025-05-17 12:59:06,133 - INFO - Found 63 Z-score outliers for revenue
2025-05-17 12:59:06,135 - INFO - Generating Z-score outlier plots for revenue
2025-05-17 12:59:06,645 - INFO - Found 510 IQR outliers for revenue
2025-05-17 12:59:06,647 - INFO - Generating IQR outlier plots for revenue
2025-05-17 12:59:07,605 - INFO - Processing metric: annualized_revenue
2025-05-17 12:59:07,616 - INFO - Detecting Z-score outliers for annualized_revenue
2025-05-17 12:59:07,618 - INFO - Detecting IQR outliers for annualized_revenue
2025-05-17 12:59:07,623 - INFO - Found 72 Z-score outliers for annualized_revenue
2025-05-17 12:59:07,624 - INFO - Generating Z-score outlier plots for annualized_revenue
2025-05-17 12:59:08,110 - INFO - Found 464 IQR outliers for annualized_revenue
2025-05-17 12:59:08,111 - INFO - Generating IQR outlier plots for annualized_revenue
2025-05-17 12:59:08,929 - INFO - Processing metric: cogs
2025-05-17 12:59:08,951 - INFO - Detecting Z-score outliers for cogs
2025-05-17 12:59:08,953 - INFO - Detecting IQR outliers for cogs
2025-05-17 12:59:08,958 - INFO - Found 19 Z-score outliers for cogs
2025-05-17 12:59:08,959 - INFO - Generating Z-score outlier plots for cogs
2025-05-17 12:59:09,488 - INFO - Found 650 IQR outliers for cogs
2025-05-17 12:59:09,490 - INFO - Generating IQR outlier plots for cogs
2025-05-17 12:59:10,565 - INFO - Processing metric: average_credit_card_spend
2025-05-17 12:59:10,577 - INFO - Detecting Z-score outliers for average_credit_card_spend
2025-05-17 12:59:10,578 - INFO - Detecting IQR outliers for average_credit_card_spend
2025-05-17 12:59:10,583 - INFO - Found 18 Z-score outliers for average_credit_card_spend
2025-05-17 12:59:10,584 - INFO - Generating Z-score outlier plots for average_credit_card_spend
2025-05-17 12:59:10,908 - INFO - Found 437 IQR outliers for average_credit_card_spend
2025-05-17 12:59:10,909 - INFO - Generating IQR outlier plots for average_credit_card_spend
2025-05-17 12:59:11,477 - INFO - Processing metric: opex
2025-05-17 12:59:11,484 - INFO - Detecting Z-score outliers for opex
2025-05-17 12:59:11,485 - INFO - Detecting IQR outliers for opex
2025-05-17 12:59:11,489 - INFO - Found 18 Z-score outliers for opex
2025-05-17 12:59:11,489 - INFO - Generating Z-score outlier plots for opex
2025-05-17 12:59:11,798 - INFO - Found 521 IQR outliers for opex
2025-05-17 12:59:11,799 - INFO - Generating IQR outlier plots for opex
2025-05-17 12:59:12,417 - INFO - Processing metric: revenue_profit_and_loss
2025-05-17 12:59:12,425 - INFO - Detecting Z-score outliers for revenue_profit_and_loss
2025-05-17 12:59:12,426 - INFO - Detecting IQR outliers for revenue_profit_and_loss
2025-05-17 12:59:12,430 - INFO - Found 63 Z-score outliers for revenue_profit_and_loss
2025-05-17 12:59:12,430 - INFO - Generating Z-score outlier plots for revenue_profit_and_loss
2025-05-17 12:59:12,770 - INFO - Found 510 IQR outliers for revenue_profit_and_loss
2025-05-17 12:59:12,771 - INFO - Generating IQR outlier plots for revenue_profit_and_loss
2025-05-17 12:59:13,417 - INFO - Processing metric: annualized_revenue_profit_and_loss
2025-05-17 12:59:13,425 - INFO - Detecting Z-score outliers for annualized_revenue_profit_and_loss
2025-05-17 12:59:13,426 - INFO - Detecting IQR outliers for annualized_revenue_profit_and_loss
2025-05-17 12:59:13,430 - INFO - Found 72 Z-score outliers for annualized_revenue_profit_and_loss
2025-05-17 12:59:13,431 - INFO - Generating Z-score outlier plots for annualized_revenue_profit_and_loss
2025-05-17 12:59:13,772 - INFO - Found 464 IQR outliers for annualized_revenue_profit_and_loss
2025-05-17 12:59:13,773 - INFO - Generating IQR outlier plots for annualized_revenue_profit_and_loss
2025-05-17 12:59:14,367 - INFO - Processing metric: cogs_profit_and_loss
2025-05-17 12:59:14,374 - INFO - Detecting Z-score outliers for cogs_profit_and_loss
2025-05-17 12:59:14,375 - INFO - Detecting IQR outliers for cogs_profit_and_loss
2025-05-17 12:59:14,379 - INFO - Found 19 Z-score outliers for cogs_profit_and_loss
2025-05-17 12:59:14,380 - INFO - Generating Z-score outlier plots for cogs_profit_and_loss
2025-05-17 12:59:14,700 - INFO - Found 650 IQR outliers for cogs_profit_and_loss
2025-05-17 12:59:14,701 - INFO - Generating IQR outlier plots for cogs_profit_and_loss
2025-05-17 12:59:15,392 - INFO - Processing metric: opex_profit_and_loss
2025-05-17 12:59:15,400 - INFO - Detecting Z-score outliers for opex_profit_and_loss
2025-05-17 12:59:15,401 - INFO - Detecting IQR outliers for opex_profit_and_loss
2025-05-17 12:59:15,404 - INFO - Found 18 Z-score outliers for opex_profit_and_loss
2025-05-17 12:59:15,405 - INFO - Generating Z-score outlier plots for opex_profit_and_loss
2025-05-17 12:59:15,718 - INFO - Found 521 IQR outliers for opex_profit_and_loss
2025-05-17 12:59:15,719 - INFO - Generating IQR outlier plots for opex_profit_and_loss
2025-05-17 12:59:16,345 - INFO - Processing metric: revenue_monthly_average
2025-05-17 12:59:16,352 - INFO - Detecting Z-score outliers for revenue_monthly_average
2025-05-17 12:59:16,353 - INFO - Detecting IQR outliers for revenue_monthly_average
2025-05-17 12:59:16,358 - INFO - Found 71 Z-score outliers for revenue_monthly_average
2025-05-17 12:59:16,359 - INFO - Generating Z-score outlier plots for revenue_monthly_average
2025-05-17 12:59:16,689 - INFO - Found 460 IQR outliers for revenue_monthly_average
2025-05-17 12:59:16,690 - INFO - Generating IQR outlier plots for revenue_monthly_average
2025-05-17 12:59:17,276 - INFO - Processing metric: revenue_growth_rate
2025-05-17 12:59:17,283 - INFO - Detecting Z-score outliers for revenue_growth_rate
2025-05-17 12:59:17,283 - INFO - Detecting IQR outliers for revenue_growth_rate
2025-05-17 12:59:17,286 - INFO - Found 4 Z-score outliers for revenue_growth_rate
2025-05-17 12:59:17,287 - INFO - Generating Z-score outlier plots for revenue_growth_rate
2025-05-17 12:59:17,564 - INFO - Found 87 IQR outliers for revenue_growth_rate
2025-05-17 12:59:17,565 - INFO - Generating IQR outlier plots for revenue_growth_rate
2025-05-17 12:59:17,954 - INFO - Processing metric: gross_operating_cashflow_daily_average
2025-05-17 12:59:17,962 - INFO - Detecting Z-score outliers for gross_operating_cashflow_daily_average
2025-05-17 12:59:17,963 - INFO - Detecting IQR outliers for gross_operating_cashflow_daily_average
2025-05-17 12:59:17,968 - INFO - Found 109 Z-score outliers for gross_operating_cashflow_daily_average
2025-05-17 12:59:17,968 - INFO - Generating Z-score outlier plots for gross_operating_cashflow_daily_average
2025-05-17 12:59:18,341 - INFO - Found 580 IQR outliers for gross_operating_cashflow_daily_average
2025-05-17 12:59:18,342 - INFO - Generating IQR outlier plots for gross_operating_cashflow_daily_average
2025-05-17 12:59:19,011 - INFO - Processing metric: net_operating_cashflow_daily_average
2025-05-17 12:59:19,020 - INFO - Detecting Z-score outliers for net_operating_cashflow_daily_average
2025-05-17 12:59:19,020 - INFO - Detecting IQR outliers for net_operating_cashflow_daily_average
2025-05-17 12:59:19,025 - INFO - Found 26 Z-score outliers for net_operating_cashflow_daily_average
2025-05-17 12:59:19,025 - INFO - Generating Z-score outlier plots for net_operating_cashflow_daily_average
2025-05-17 12:59:19,354 - INFO - Found 923 IQR outliers for net_operating_cashflow_daily_average
2025-05-17 12:59:19,355 - INFO - Generating IQR outlier plots for net_operating_cashflow_daily_average
2025-05-17 12:59:20,207 - INFO - Processing metric: gross_operating_cashflow
2025-05-17 12:59:20,215 - INFO - Detecting Z-score outliers for gross_operating_cashflow
2025-05-17 12:59:20,216 - INFO - Detecting IQR outliers for gross_operating_cashflow
2025-05-17 12:59:20,221 - INFO - Found 79 Z-score outliers for gross_operating_cashflow
2025-05-17 12:59:20,221 - INFO - Generating Z-score outlier plots for gross_operating_cashflow
2025-05-17 12:59:20,562 - INFO - Found 503 IQR outliers for gross_operating_cashflow
2025-05-17 12:59:20,563 - INFO - Generating IQR outlier plots for gross_operating_cashflow
2025-05-17 12:59:21,175 - INFO - Processing metric: net_operating_cashflow
2025-05-17 12:59:21,183 - INFO - Detecting Z-score outliers for net_operating_cashflow
2025-05-17 12:59:21,184 - INFO - Detecting IQR outliers for net_operating_cashflow
2025-05-17 12:59:21,188 - INFO - Found 18 Z-score outliers for net_operating_cashflow
2025-05-17 12:59:21,188 - INFO - Generating Z-score outlier plots for net_operating_cashflow
2025-05-17 12:59:21,504 - INFO - Found 903 IQR outliers for net_operating_cashflow
2025-05-17 12:59:21,505 - INFO - Generating IQR outlier plots for net_operating_cashflow
2025-05-17 12:59:22,348 - INFO - Processing metric: gross_operating_cashflow_profit_and_loss
2025-05-17 12:59:22,356 - INFO - Detecting Z-score outliers for gross_operating_cashflow_profit_and_loss
2025-05-17 12:59:22,357 - INFO - Detecting IQR outliers for gross_operating_cashflow_profit_and_loss
2025-05-17 12:59:22,361 - INFO - Found 79 Z-score outliers for gross_operating_cashflow_profit_and_loss
2025-05-17 12:59:22,362 - INFO - Generating Z-score outlier plots for gross_operating_cashflow_profit_and_loss
2025-05-17 12:59:22,707 - INFO - Found 503 IQR outliers for gross_operating_cashflow_profit_and_loss
2025-05-17 12:59:22,708 - INFO - Generating IQR outlier plots for gross_operating_cashflow_profit_and_loss
2025-05-17 12:59:23,362 - INFO - Processing metric: net_operating_cashflow_profit_and_loss
2025-05-17 12:59:23,370 - INFO - Detecting Z-score outliers for net_operating_cashflow_profit_and_loss
2025-05-17 12:59:23,370 - INFO - Detecting IQR outliers for net_operating_cashflow_profit_and_loss
2025-05-17 12:59:23,374 - INFO - Found 18 Z-score outliers for net_operating_cashflow_profit_and_loss
2025-05-17 12:59:23,375 - INFO - Generating Z-score outlier plots for net_operating_cashflow_profit_and_loss
2025-05-17 12:59:23,687 - INFO - Found 903 IQR outliers for net_operating_cashflow_profit_and_loss
2025-05-17 12:59:23,689 - INFO - Generating IQR outlier plots for net_operating_cashflow_profit_and_loss
2025-05-17 12:59:24,547 - INFO - Analyzing outliers for group: risk_flag
2025-05-17 12:59:24,550 - INFO - Found 9 unique metrics in group risk_flag
2025-05-17 12:59:24,550 - INFO - Processing metric: deposit_days
2025-05-17 12:59:24,556 - INFO - Detecting Z-score outliers for deposit_days
2025-05-17 12:59:24,557 - INFO - Detecting IQR outliers for deposit_days
2025-05-17 12:59:24,563 - INFO - Found 243 Z-score outliers for deposit_days
2025-05-17 12:59:24,563 - INFO - Generating Z-score outlier plots for deposit_days
2025-05-17 12:59:25,041 - INFO - Found 660 IQR outliers for deposit_days
2025-05-17 12:59:25,042 - INFO - Generating IQR outlier plots for deposit_days
2025-05-17 12:59:25,849 - INFO - Processing metric: nsf_fees
2025-05-17 12:59:25,854 - INFO - Detecting Z-score outliers for nsf_fees
2025-05-17 12:59:25,855 - INFO - Detecting IQR outliers for nsf_fees
2025-05-17 12:59:25,859 - INFO - Found 50 Z-score outliers for nsf_fees
2025-05-17 12:59:25,860 - INFO - Generating Z-score outlier plots for nsf_fees
2025-05-17 12:59:26,200 - INFO - Found 118 IQR outliers for nsf_fees
2025-05-17 12:59:26,201 - INFO - Generating IQR outlier plots for nsf_fees
2025-05-17 12:59:26,794 - INFO - Processing metric: nsf_days
2025-05-17 12:59:26,804 - INFO - Detecting Z-score outliers for nsf_days
2025-05-17 12:59:26,805 - INFO - Detecting IQR outliers for nsf_days
2025-05-17 12:59:26,810 - INFO - Found 83 Z-score outliers for nsf_days
2025-05-17 12:59:26,811 - INFO - Generating Z-score outlier plots for nsf_days
2025-05-17 12:59:27,219 - INFO - Found 538 IQR outliers for nsf_days
2025-05-17 12:59:27,221 - INFO - Generating IQR outlier plots for nsf_days
2025-05-17 12:59:27,879 - INFO - Processing metric: debt_collection
2025-05-17 12:59:27,883 - INFO - Detecting Z-score outliers for debt_collection
2025-05-17 12:59:27,884 - INFO - Detecting IQR outliers for debt_collection
2025-05-17 12:59:27,914 - INFO - Processing metric: atm_withdrawals
2025-05-17 12:59:27,918 - INFO - Detecting Z-score outliers for atm_withdrawals
2025-05-17 12:59:27,919 - INFO - Detecting IQR outliers for atm_withdrawals
2025-05-17 12:59:27,922 - INFO - Found 13 Z-score outliers for atm_withdrawals
2025-05-17 12:59:27,923 - INFO - Generating Z-score outlier plots for atm_withdrawals
2025-05-17 12:59:28,206 - INFO - Found 172 IQR outliers for atm_withdrawals
2025-05-17 12:59:28,207 - INFO - Generating IQR outlier plots for atm_withdrawals
2025-05-17 12:59:28,636 - INFO - Processing metric: tax_payments
2025-05-17 12:59:28,640 - INFO - Detecting Z-score outliers for tax_payments
2025-05-17 12:59:28,641 - INFO - Detecting IQR outliers for tax_payments
2025-05-17 12:59:28,644 - INFO - Found 15 Z-score outliers for tax_payments
2025-05-17 12:59:28,645 - INFO - Generating Z-score outlier plots for tax_payments
2025-05-17 12:59:28,925 - INFO - Found 124 IQR outliers for tax_payments
2025-05-17 12:59:28,926 - INFO - Generating IQR outlier plots for tax_payments
2025-05-17 12:59:29,309 - INFO - Processing metric: tax_payment_amount
2025-05-17 12:59:29,312 - INFO - Detecting Z-score outliers for tax_payment_amount
2025-05-17 12:59:29,313 - INFO - Detecting IQR outliers for tax_payment_amount
2025-05-17 12:59:29,317 - INFO - Found 13 Z-score outliers for tax_payment_amount
2025-05-17 12:59:29,317 - INFO - Generating Z-score outlier plots for tax_payment_amount
2025-05-17 12:59:29,608 - INFO - Found 158 IQR outliers for tax_payment_amount
2025-05-17 12:59:29,609 - INFO - Generating IQR outlier plots for tax_payment_amount
2025-05-17 12:59:30,031 - INFO - Processing metric: negative_balance_days
2025-05-17 12:59:30,035 - INFO - Detecting Z-score outliers for negative_balance_days
2025-05-17 12:59:30,036 - INFO - Detecting IQR outliers for negative_balance_days
2025-05-17 12:59:30,042 - INFO - Found 142 Z-score outliers for negative_balance_days
2025-05-17 12:59:30,042 - INFO - Generating Z-score outlier plots for negative_balance_days
2025-05-17 12:59:30,432 - INFO - Found 789 IQR outliers for negative_balance_days
2025-05-17 12:59:30,433 - INFO - Generating IQR outlier plots for negative_balance_days
2025-05-17 12:59:31,224 - INFO - Processing metric: negative_balance_days_by_account
2025-05-17 12:59:31,230 - INFO - Detecting Z-score outliers for negative_balance_days_by_account
2025-05-17 12:59:31,231 - INFO - Detecting IQR outliers for negative_balance_days_by_account
2025-05-17 12:59:31,234 - INFO - Found 3 Z-score outliers for negative_balance_days_by_account
2025-05-17 12:59:31,235 - INFO - Generating Z-score outlier plots for negative_balance_days_by_account
2025-05-17 12:59:31,563 - INFO - Found 736 IQR outliers for negative_balance_days_by_account
2025-05-17 12:59:31,564 - INFO - Generating IQR outlier plots for negative_balance_days_by_account
2025-05-17 12:59:32,359 - INFO - Generating summary of most significant outliers
2025-05-17 12:59:32,545 - WARNING - Could not remove temp directory: [Errno 66] Directory not empty: 'metric_distributions/output/temp'
2025-05-17 12:59:32,555 - INFO - Generating outlier analysis report...
2025-05-17 12:59:32,556 - INFO - Outlier analysis report generated successfully
2025-05-17 12:59:32,556 - INFO - Outlier analysis complete. Check report in metric_distributions/output/reports and plots in metric_distributions/output/plots/outliers
